
Circuit 1 cell sky130_fd_pr__nfet_01v8 and Circuit 2 cell sky130_fd_pr__nfet_01v8 are black boxes.
Warning: Equate pins:  cell sky130_fd_pr__nfet_01v8 is a placeholder, treated as a black box.
Warning: Equate pins:  cell sky130_fd_pr__nfet_01v8 is a placeholder, treated as a black box.

Subcircuit pins:
Circuit 1: sky130_fd_pr__nfet_01v8         |Circuit 2: sky130_fd_pr__nfet_01v8         
-------------------------------------------|-------------------------------------------
1                                          |1                                          
2                                          |2                                          
3                                          |3                                          
4                                          |4                                          
---------------------------------------------------------------------------------------
Cell pin lists are equivalent.
Device classes sky130_fd_pr__nfet_01v8 and sky130_fd_pr__nfet_01v8 are equivalent.

Circuit 1 cell sky130_fd_pr__pfet_01v8 and Circuit 2 cell sky130_fd_pr__pfet_01v8 are black boxes.
Warning: Equate pins:  cell sky130_fd_pr__pfet_01v8 is a placeholder, treated as a black box.
Warning: Equate pins:  cell sky130_fd_pr__pfet_01v8 is a placeholder, treated as a black box.

Subcircuit pins:
Circuit 1: sky130_fd_pr__pfet_01v8         |Circuit 2: sky130_fd_pr__pfet_01v8         
-------------------------------------------|-------------------------------------------
1                                          |1                                          
2                                          |2                                          
3                                          |3                                          
4                                          |4                                          
---------------------------------------------------------------------------------------
Cell pin lists are equivalent.
Device classes sky130_fd_pr__pfet_01v8 and sky130_fd_pr__pfet_01v8 are equivalent.
Flattening unmatched subcell sky130_fd_pr__nfet_01v8_QMGPN5 in circuit vco (0)(1 instance)
Flattening unmatched subcell sky130_fd_pr__pfet_01v8_BS784P in circuit vco (0)(1 instance)
Flattening unmatched subcell sky130_fd_pr__nfet_01v8_6CS3TQ in circuit vco (0)(1 instance)
Flattening unmatched subcell sky130_fd_pr__nfet_01v8_NWZ7BA in circuit vco (0)(3 instances)
Flattening unmatched subcell sky130_fd_pr__pfet_01v8_J8A8UZ in circuit vco (0)(3 instances)
Flattening unmatched subcell sky130_fd_pr__pfet_01v8_PR8SW8 in circuit vco (0)(1 instance)
Flattening unmatched subcell sky130_fd_pr__nfet_01v8_68KXJR in circuit vco (0)(3 instances)
Flattening unmatched subcell sky130_fd_pr__pfet_01v8_3VA8U9 in circuit vco (0)(1 instance)
Flattening unmatched subcell sky130_fd_pr__nfet_01v8_CRPCLH in circuit vco (0)(1 instance)
Flattening unmatched subcell sky130_fd_pr__pfet_01v8_8ULR7S in circuit vco (0)(3 instances)

Class vco (0):  Merged 102 parallel devices.
Subcircuit summary:
Circuit 1: vco                             |Circuit 2: vco                             
-------------------------------------------|-------------------------------------------
sky130_fd_pr__nfet_01v8 (60->9)            |sky130_fd_pr__nfet_01v8 (9)                
sky130_fd_pr__pfet_01v8 (60->9)            |sky130_fd_pr__pfet_01v8 (9)                
Number of devices: 18                      |Number of devices: 18                      
Number of nets: 15                         |Number of nets: 15                         
---------------------------------------------------------------------------------------
Netlists match uniquely.

Subcircuit pins:
Circuit 1: vco                             |Circuit 2: vco                             
-------------------------------------------|-------------------------------------------
out                                        |out                                        
VDD                                        |VDD                                        
vctrl                                      |vctrl                                      
GND                                        |GND                                        
---------------------------------------------------------------------------------------
Cell pin lists are equivalent.
Device classes vco and vco are equivalent.

Final result: Circuits match uniquely.
.
